0 verbose cli /usr/bin/node /usr/bin/npm
1 info using npm@11.6.2
2 info using node@v24.11.1
3 silly config load:file:/usr/lib/node_modules/npm/npmrc
4 silly config load:file:/var/www/.npmrc
5 silly config load:file:/usr/etc/npmrc
6 verbose title npm install
7 verbose argv "install"
8 verbose logfile logs-max:10 dir:/var/www/.npm/_logs/2025-11-18T13_58_55_843Z-
9 verbose logfile /var/www/.npm/_logs/2025-11-18T13_58_55_843Z-debug-0.log
10 silly logfile done cleaning log files
11 silly packumentCache heap:2348810240 maxSize:587202560 maxEntrySize:293601280
12 silly idealTree buildDeps
13 silly reify moves {}
14 silly audit bulk request {
14 silly audit   '@esbuild/aix-ppc64': [ '0.25.12' ],
14 silly audit   '@esbuild/android-arm': [ '0.25.12' ],
14 silly audit   '@esbuild/android-arm64': [ '0.25.12' ],
14 silly audit   '@esbuild/android-x64': [ '0.25.12' ],
14 silly audit   '@esbuild/darwin-arm64': [ '0.25.12' ],
14 silly audit   '@esbuild/darwin-x64': [ '0.25.12' ],
14 silly audit   '@esbuild/freebsd-arm64': [ '0.25.12' ],
14 silly audit   '@esbuild/freebsd-x64': [ '0.25.12' ],
14 silly audit   '@esbuild/linux-arm': [ '0.25.12' ],
14 silly audit   '@esbuild/linux-arm64': [ '0.25.12' ],
14 silly audit   '@esbuild/linux-ia32': [ '0.25.12' ],
14 silly audit   '@esbuild/linux-loong64': [ '0.25.12' ],
14 silly audit   '@esbuild/linux-mips64el': [ '0.25.12' ],
14 silly audit   '@esbuild/linux-ppc64': [ '0.25.12' ],
14 silly audit   '@esbuild/linux-riscv64': [ '0.25.12' ],
14 silly audit   '@esbuild/linux-s390x': [ '0.25.12' ],
14 silly audit   '@esbuild/linux-x64': [ '0.25.12' ],
14 silly audit   '@esbuild/netbsd-arm64': [ '0.25.12' ],
14 silly audit   '@esbuild/netbsd-x64': [ '0.25.12' ],
14 silly audit   '@esbuild/openbsd-arm64': [ '0.25.12' ],
14 silly audit   '@esbuild/openbsd-x64': [ '0.25.12' ],
14 silly audit   '@esbuild/openharmony-arm64': [ '0.25.12' ],
14 silly audit   '@esbuild/sunos-x64': [ '0.25.12' ],
14 silly audit   '@esbuild/win32-arm64': [ '0.25.12' ],
14 silly audit   '@esbuild/win32-ia32': [ '0.25.12' ],
14 silly audit   '@esbuild/win32-x64': [ '0.25.12' ],
14 silly audit   '@jridgewell/gen-mapping': [ '0.3.13' ],
14 silly audit   '@jridgewell/remapping': [ '2.3.5' ],
14 silly audit   '@jridgewell/resolve-uri': [ '3.1.2' ],
14 silly audit   '@jridgewell/sourcemap-codec': [ '1.5.5' ],
14 silly audit   '@jridgewell/trace-mapping': [ '0.3.31' ],
14 silly audit   '@rollup/rollup-android-arm-eabi': [ '4.53.2' ],
14 silly audit   '@rollup/rollup-android-arm64': [ '4.53.2' ],
14 silly audit   '@rollup/rollup-darwin-arm64': [ '4.53.2' ],
14 silly audit   '@rollup/rollup-darwin-x64': [ '4.53.2' ],
14 silly audit   '@rollup/rollup-freebsd-arm64': [ '4.53.2' ],
14 silly audit   '@rollup/rollup-freebsd-x64': [ '4.53.2' ],
14 silly audit   '@rollup/rollup-linux-arm-gnueabihf': [ '4.53.2' ],
14 silly audit   '@rollup/rollup-linux-arm-musleabihf': [ '4.53.2' ],
14 silly audit   '@rollup/rollup-linux-arm64-gnu': [ '4.53.2' ],
14 silly audit   '@rollup/rollup-linux-arm64-musl': [ '4.53.2' ],
14 silly audit   '@rollup/rollup-linux-loong64-gnu': [ '4.53.2' ],
14 silly audit   '@rollup/rollup-linux-ppc64-gnu': [ '4.53.2' ],
14 silly audit   '@rollup/rollup-linux-riscv64-gnu': [ '4.53.2' ],
14 silly audit   '@rollup/rollup-linux-riscv64-musl': [ '4.53.2' ],
14 silly audit   '@rollup/rollup-linux-s390x-gnu': [ '4.53.2' ],
14 silly audit   '@rollup/rollup-linux-x64-gnu': [ '4.53.2' ],
14 silly audit   '@rollup/rollup-linux-x64-musl': [ '4.53.2' ],
14 silly audit   '@rollup/rollup-openharmony-arm64': [ '4.53.2' ],
14 silly audit   '@rollup/rollup-win32-arm64-msvc': [ '4.53.2' ],
14 silly audit   '@rollup/rollup-win32-ia32-msvc': [ '4.53.2' ],
14 silly audit   '@rollup/rollup-win32-x64-gnu': [ '4.53.2' ],
14 silly audit   '@rollup/rollup-win32-x64-msvc': [ '4.53.2' ],
14 silly audit   '@tailwindcss/node': [ '4.1.17' ],
14 silly audit   '@tailwindcss/oxide': [ '4.1.17' ],
14 silly audit   '@tailwindcss/oxide-android-arm64': [ '4.1.17' ],
14 silly audit   '@tailwindcss/oxide-darwin-arm64': [ '4.1.17' ],
14 silly audit   '@tailwindcss/oxide-darwin-x64': [ '4.1.17' ],
14 silly audit   '@tailwindcss/oxide-freebsd-x64': [ '4.1.17' ],
14 silly audit   '@tailwindcss/oxide-linux-arm-gnueabihf': [ '4.1.17' ],
14 silly audit   '@tailwindcss/oxide-linux-arm64-gnu': [ '4.1.17' ],
14 silly audit   '@tailwindcss/oxide-linux-arm64-musl': [ '4.1.17' ],
14 silly audit   '@tailwindcss/oxide-linux-x64-gnu': [ '4.1.17' ],
14 silly audit   '@tailwindcss/oxide-linux-x64-musl': [ '4.1.17' ],
14 silly audit   '@tailwindcss/oxide-wasm32-wasi': [ '4.1.17' ],
14 silly audit   '@tailwindcss/oxide-win32-arm64-msvc': [ '4.1.17' ],
14 silly audit   '@tailwindcss/oxide-win32-x64-msvc': [ '4.1.17' ],
14 silly audit   '@tailwindcss/vite': [ '4.1.17' ],
14 silly audit   '@types/estree': [ '1.0.8' ],
14 silly audit   'ansi-regex': [ '5.0.1' ],
14 silly audit   'ansi-styles': [ '4.3.0' ],
14 silly audit   chalk: [ '4.1.2' ],
14 silly audit   'supports-color': [ '7.2.0', '8.1.1' ],
14 silly audit   cliui: [ '8.0.1' ],
14 silly audit   'color-convert': [ '2.0.1' ],
14 silly audit   'color-name': [ '1.1.4' ],
14 silly audit   concurrently: [ '9.2.1' ],
14 silly audit   'detect-libc': [ '2.1.2' ],
14 silly audit   'emoji-regex': [ '8.0.0' ],
14 silly audit   'enhanced-resolve': [ '5.18.3' ],
14 silly audit   esbuild: [ '0.25.12' ],
14 silly audit   escalade: [ '3.2.0' ],
14 silly audit   fdir: [ '6.5.0' ],
14 silly audit   fsevents: [ '2.3.2', '2.3.3' ],
14 silly audit   'get-caller-file': [ '2.0.5' ],
14 silly audit   'graceful-fs': [ '4.2.11' ],
14 silly audit   'has-flag': [ '4.0.0' ],
14 silly audit   'is-fullwidth-code-point': [ '3.0.0' ],
14 silly audit   jiti: [ '2.6.1' ],
14 silly audit   'laravel-vite-plugin': [ '2.0.1' ],
14 silly audit   lightningcss: [ '1.30.2' ],
14 silly audit   'lightningcss-android-arm64': [ '1.30.2' ],
14 silly audit   'lightningcss-darwin-arm64': [ '1.30.2' ],
14 silly audit   'lightningcss-darwin-x64': [ '1.30.2' ],
14 silly audit   'lightningcss-freebsd-x64': [ '1.30.2' ],
14 silly audit   'lightningcss-linux-arm-gnueabihf': [ '1.30.2' ],
14 silly audit   'lightningcss-linux-arm64-gnu': [ '1.30.2' ],
14 silly audit   'lightningcss-linux-arm64-musl': [ '1.30.2' ],
14 silly audit   'lightningcss-linux-x64-gnu': [ '1.30.2' ],
14 silly audit   'lightningcss-linux-x64-musl': [ '1.30.2' ],
14 silly audit   'lightningcss-win32-arm64-msvc': [ '1.30.2' ],
14 silly audit   'lightningcss-win32-x64-msvc': [ '1.30.2' ],
14 silly audit   'magic-string': [ '0.30.21' ],
14 silly audit   nanoid: [ '3.3.11' ],
14 silly audit   'npm-check-updates': [ '19.1.2' ],
14 silly audit   picocolors: [ '1.1.1' ],
14 silly audit   picomatch: [ '4.0.3', '2.3.1' ],
14 silly audit   playwright: [ '1.56.1' ],
14 silly audit   'playwright-core': [ '1.56.1' ],
14 silly audit   postcss: [ '8.5.6' ],
14 silly audit   prettier: [ '3.6.2' ],
14 silly audit   'prettier-plugin-organize-imports': [ '4.3.0' ],
14 silly audit   'prettier-plugin-tailwindcss': [ '0.6.14' ],
14 silly audit   'require-directory': [ '2.1.1' ],
14 silly audit   rollup: [ '4.53.2' ],
14 silly audit   rxjs: [ '7.8.2' ],
14 silly audit   'shell-quote': [ '1.8.3' ],
14 silly audit   'source-map-js': [ '1.2.1' ],
14 silly audit   'string-width': [ '4.2.3' ],
14 silly audit   'strip-ansi': [ '6.0.1' ],
14 silly audit   tailwindcss: [ '4.1.17' ],
14 silly audit   tapable: [ '2.3.0' ],
14 silly audit   tinyglobby: [ '0.2.15' ],
14 silly audit   'tree-kill': [ '1.2.2' ],
14 silly audit   tslib: [ '2.8.1' ],
14 silly audit   typescript: [ '5.9.3' ],
14 silly audit   vite: [ '7.2.2' ],
14 silly audit   'vite-plugin-full-reload': [ '1.2.0' ],
14 silly audit   'wrap-ansi': [ '7.0.0' ],
14 silly audit   y18n: [ '5.0.8' ],
14 silly audit   yargs: [ '17.7.2' ],
14 silly audit   'yargs-parser': [ '21.1.1' ]
14 silly audit }
15 http cache yargs-parser@https://registry.npmjs.org/yargs-parser/-/yargs-parser-21.1.1.tgz 0ms (cache hit)
16 http cache yargs@https://registry.npmjs.org/yargs/-/yargs-17.7.2.tgz 0ms (cache hit)
17 http cache y18n@https://registry.npmjs.org/y18n/-/y18n-5.0.8.tgz 0ms (cache hit)
18 http cache wrap-ansi@https://registry.npmjs.org/wrap-ansi/-/wrap-ansi-7.0.0.tgz 0ms (cache hit)
19 http cache typescript@https://registry.npmjs.org/typescript/-/typescript-5.9.3.tgz 0ms (cache hit)
20 http cache vite-plugin-full-reload@https://registry.npmjs.org/vite-plugin-full-reload/-/vite-plugin-full-reload-1.2.0.tgz 0ms (cache hit)
21 http cache tree-kill@https://registry.npmjs.org/tree-kill/-/tree-kill-1.2.2.tgz 0ms (cache hit)
22 http cache tapable@https://registry.npmjs.org/tapable/-/tapable-2.3.0.tgz 0ms (cache hit)
23 http cache tailwindcss@https://registry.npmjs.org/tailwindcss/-/tailwindcss-4.1.17.tgz 0ms (cache hit)
24 http cache supports-color@https://registry.npmjs.org/supports-color/-/supports-color-8.1.1.tgz 0ms (cache hit)
25 http cache strip-ansi@https://registry.npmjs.org/strip-ansi/-/strip-ansi-6.0.1.tgz 0ms (cache hit)
26 http cache string-width@https://registry.npmjs.org/string-width/-/string-width-4.2.3.tgz 0ms (cache hit)
27 http cache source-map-js@https://registry.npmjs.org/source-map-js/-/source-map-js-1.2.1.tgz 0ms (cache hit)
28 http cache shell-quote@https://registry.npmjs.org/shell-quote/-/shell-quote-1.8.3.tgz 0ms (cache hit)
29 http cache require-directory@https://registry.npmjs.org/require-directory/-/require-directory-2.1.1.tgz 0ms (cache hit)
30 http cache rollup@https://registry.npmjs.org/rollup/-/rollup-4.53.2.tgz 0ms (cache hit)
31 http cache prettier-plugin-organize-imports@https://registry.npmjs.org/prettier-plugin-organize-imports/-/prettier-plugin-organize-imports-4.3.0.tgz 0ms (cache hit)
32 http cache rxjs@https://registry.npmjs.org/rxjs/-/rxjs-7.8.2.tgz 0ms (cache hit)
33 http cache prettier-plugin-tailwindcss@https://registry.npmjs.org/prettier-plugin-tailwindcss/-/prettier-plugin-tailwindcss-0.6.14.tgz 0ms (cache hit)
34 http cache prettier@https://registry.npmjs.org/prettier/-/prettier-3.6.2.tgz 0ms (cache hit)
35 http cache playwright-core@https://registry.npmjs.org/playwright-core/-/playwright-core-1.56.1.tgz 0ms (cache hit)
36 http cache playwright@https://registry.npmjs.org/playwright/-/playwright-1.56.1.tgz 0ms (cache hit)
37 http cache picomatch@https://registry.npmjs.org/picomatch/-/picomatch-4.0.3.tgz 0ms (cache hit)
38 http cache picocolors@https://registry.npmjs.org/picocolors/-/picocolors-1.1.1.tgz 0ms (cache hit)
39 http cache npm-check-updates@https://registry.npmjs.org/npm-check-updates/-/npm-check-updates-19.1.2.tgz 0ms (cache hit)
40 http cache nanoid@https://registry.npmjs.org/nanoid/-/nanoid-3.3.11.tgz 0ms (cache hit)
41 http cache lightningcss-linux-arm64-musl@https://registry.npmjs.org/lightningcss-linux-arm64-musl/-/lightningcss-linux-arm64-musl-1.30.2.tgz 0ms (cache hit)
42 http cache lightningcss-linux-arm64-gnu@https://registry.npmjs.org/lightningcss-linux-arm64-gnu/-/lightningcss-linux-arm64-gnu-1.30.2.tgz 0ms (cache hit)
43 http cache magic-string@https://registry.npmjs.org/magic-string/-/magic-string-0.30.21.tgz 0ms (cache hit)
44 http cache lightningcss@https://registry.npmjs.org/lightningcss/-/lightningcss-1.30.2.tgz 0ms (cache hit)
45 http cache postcss@https://registry.npmjs.org/postcss/-/postcss-8.5.6.tgz 0ms (cache hit)
46 http cache laravel-vite-plugin@https://registry.npmjs.org/laravel-vite-plugin/-/laravel-vite-plugin-2.0.1.tgz 0ms (cache hit)
47 http cache jiti@https://registry.npmjs.org/jiti/-/jiti-2.6.1.tgz 0ms (cache hit)
48 http cache has-flag@https://registry.npmjs.org/has-flag/-/has-flag-4.0.0.tgz 0ms (cache hit)
49 http cache is-fullwidth-code-point@https://registry.npmjs.org/is-fullwidth-code-point/-/is-fullwidth-code-point-3.0.0.tgz 0ms (cache hit)
50 http cache graceful-fs@https://registry.npmjs.org/graceful-fs/-/graceful-fs-4.2.11.tgz 0ms (cache hit)
51 http cache fdir@https://registry.npmjs.org/fdir/-/fdir-6.5.0.tgz 0ms (cache hit)
52 http cache get-caller-file@https://registry.npmjs.org/get-caller-file/-/get-caller-file-2.0.5.tgz 0ms (cache hit)
53 http cache escalade@https://registry.npmjs.org/escalade/-/escalade-3.2.0.tgz 0ms (cache hit)
54 http cache emoji-regex@https://registry.npmjs.org/emoji-regex/-/emoji-regex-8.0.0.tgz 0ms (cache hit)
55 http cache vite@https://registry.npmjs.org/vite/-/vite-7.2.2.tgz 0ms (cache hit)
56 http cache enhanced-resolve@https://registry.npmjs.org/enhanced-resolve/-/enhanced-resolve-5.18.3.tgz 0ms (cache hit)
57 http cache detect-libc@https://registry.npmjs.org/detect-libc/-/detect-libc-2.1.2.tgz 0ms (cache hit)
58 http cache color-name@https://registry.npmjs.org/color-name/-/color-name-1.1.4.tgz 0ms (cache hit)
59 http cache concurrently@https://registry.npmjs.org/concurrently/-/concurrently-9.2.1.tgz 0ms (cache hit)
60 http cache color-convert@https://registry.npmjs.org/color-convert/-/color-convert-2.0.1.tgz 0ms (cache hit)
61 http cache ansi-styles@https://registry.npmjs.org/ansi-styles/-/ansi-styles-4.3.0.tgz 0ms (cache hit)
62 http cache cliui@https://registry.npmjs.org/cliui/-/cliui-8.0.1.tgz 0ms (cache hit)
63 http cache tslib@https://registry.npmjs.org/tslib/-/tslib-2.8.1.tgz 0ms (cache hit)
64 http cache @types/estree@https://registry.npmjs.org/@types/estree/-/estree-1.0.8.tgz 0ms (cache hit)
65 http cache chalk@https://registry.npmjs.org/chalk/-/chalk-4.1.2.tgz 0ms (cache hit)
66 http cache ansi-regex@https://registry.npmjs.org/ansi-regex/-/ansi-regex-5.0.1.tgz 0ms (cache hit)
67 http cache @tailwindcss/vite@https://registry.npmjs.org/@tailwindcss/vite/-/vite-4.1.17.tgz 0ms (cache hit)
68 http cache tinyglobby@https://registry.npmjs.org/tinyglobby/-/tinyglobby-0.2.15.tgz 0ms (cache hit)
69 http cache @tailwindcss/oxide-linux-arm64-musl@https://registry.npmjs.org/@tailwindcss/oxide-linux-arm64-musl/-/oxide-linux-arm64-musl-4.1.17.tgz 0ms (cache hit)
70 http cache esbuild@https://registry.npmjs.org/esbuild/-/esbuild-0.25.12.tgz 0ms (cache hit)
71 http cache @tailwindcss/oxide-linux-arm64-gnu@https://registry.npmjs.org/@tailwindcss/oxide-linux-arm64-gnu/-/oxide-linux-arm64-gnu-4.1.17.tgz 0ms (cache hit)
72 http cache @rollup/rollup-linux-arm64-musl@https://registry.npmjs.org/@rollup/rollup-linux-arm64-musl/-/rollup-linux-arm64-musl-4.53.2.tgz 0ms (cache hit)
73 http cache @tailwindcss/oxide@https://registry.npmjs.org/@tailwindcss/oxide/-/oxide-4.1.17.tgz 0ms (cache hit)
74 http cache @jridgewell/trace-mapping@https://registry.npmjs.org/@jridgewell/trace-mapping/-/trace-mapping-0.3.31.tgz 0ms (cache hit)
75 http cache @rollup/rollup-linux-arm64-gnu@https://registry.npmjs.org/@rollup/rollup-linux-arm64-gnu/-/rollup-linux-arm64-gnu-4.53.2.tgz 0ms (cache hit)
76 http cache @tailwindcss/node@https://registry.npmjs.org/@tailwindcss/node/-/node-4.1.17.tgz 1ms (cache hit)
77 http cache @jridgewell/resolve-uri@https://registry.npmjs.org/@jridgewell/resolve-uri/-/resolve-uri-3.1.2.tgz 0ms (cache hit)
78 http cache @jridgewell/sourcemap-codec@https://registry.npmjs.org/@jridgewell/sourcemap-codec/-/sourcemap-codec-1.5.5.tgz 0ms (cache hit)
79 http cache @esbuild/linux-arm64@https://registry.npmjs.org/@esbuild/linux-arm64/-/linux-arm64-0.25.12.tgz 0ms (cache hit)
80 silly tarball no local data for yargs-parser@https://registry.npmjs.org/yargs-parser/-/yargs-parser-21.1.1.tgz. Extracting by manifest.
81 http cache @jridgewell/remapping@https://registry.npmjs.org/@jridgewell/remapping/-/remapping-2.3.5.tgz 0ms (cache hit)
82 silly tarball no local data for yargs@https://registry.npmjs.org/yargs/-/yargs-17.7.2.tgz. Extracting by manifest.
83 http cache @jridgewell/gen-mapping@https://registry.npmjs.org/@jridgewell/gen-mapping/-/gen-mapping-0.3.13.tgz 0ms (cache hit)
84 silly tarball no local data for y18n@https://registry.npmjs.org/y18n/-/y18n-5.0.8.tgz. Extracting by manifest.
85 http cache picomatch@https://registry.npmjs.org/picomatch/-/picomatch-2.3.1.tgz 0ms (cache hit)
86 silly tarball no local data for wrap-ansi@https://registry.npmjs.org/wrap-ansi/-/wrap-ansi-7.0.0.tgz. Extracting by manifest.
87 silly tarball no local data for typescript@https://registry.npmjs.org/typescript/-/typescript-5.9.3.tgz. Extracting by manifest.
88 http cache supports-color@https://registry.npmjs.org/supports-color/-/supports-color-7.2.0.tgz 0ms (cache hit)
89 silly tarball no local data for vite-plugin-full-reload@https://registry.npmjs.org/vite-plugin-full-reload/-/vite-plugin-full-reload-1.2.0.tgz. Extracting by manifest.
90 silly tarball no local data for tree-kill@https://registry.npmjs.org/tree-kill/-/tree-kill-1.2.2.tgz. Extracting by manifest.
91 silly tarball no local data for tapable@https://registry.npmjs.org/tapable/-/tapable-2.3.0.tgz. Extracting by manifest.
92 silly tarball no local data for tailwindcss@https://registry.npmjs.org/tailwindcss/-/tailwindcss-4.1.17.tgz. Extracting by manifest.
93 silly tarball no local data for supports-color@https://registry.npmjs.org/supports-color/-/supports-color-8.1.1.tgz. Extracting by manifest.
94 silly tarball no local data for strip-ansi@https://registry.npmjs.org/strip-ansi/-/strip-ansi-6.0.1.tgz. Extracting by manifest.
95 silly tarball no local data for string-width@https://registry.npmjs.org/string-width/-/string-width-4.2.3.tgz. Extracting by manifest.
96 silly tarball no local data for source-map-js@https://registry.npmjs.org/source-map-js/-/source-map-js-1.2.1.tgz. Extracting by manifest.
97 silly tarball no local data for shell-quote@https://registry.npmjs.org/shell-quote/-/shell-quote-1.8.3.tgz. Extracting by manifest.
98 silly tarball no local data for require-directory@https://registry.npmjs.org/require-directory/-/require-directory-2.1.1.tgz. Extracting by manifest.
99 silly tarball no local data for rollup@https://registry.npmjs.org/rollup/-/rollup-4.53.2.tgz. Extracting by manifest.
100 silly tarball no local data for prettier-plugin-organize-imports@https://registry.npmjs.org/prettier-plugin-organize-imports/-/prettier-plugin-organize-imports-4.3.0.tgz. Extracting by manifest.
101 silly tarball no local data for rxjs@https://registry.npmjs.org/rxjs/-/rxjs-7.8.2.tgz. Extracting by manifest.
102 silly tarball no local data for prettier-plugin-tailwindcss@https://registry.npmjs.org/prettier-plugin-tailwindcss/-/prettier-plugin-tailwindcss-0.6.14.tgz. Extracting by manifest.
103 silly tarball no local data for prettier@https://registry.npmjs.org/prettier/-/prettier-3.6.2.tgz. Extracting by manifest.
104 silly tarball no local data for playwright-core@https://registry.npmjs.org/playwright-core/-/playwright-core-1.56.1.tgz. Extracting by manifest.
105 silly tarball no local data for playwright@https://registry.npmjs.org/playwright/-/playwright-1.56.1.tgz. Extracting by manifest.
106 silly tarball no local data for picomatch@https://registry.npmjs.org/picomatch/-/picomatch-4.0.3.tgz. Extracting by manifest.
107 silly tarball no local data for picocolors@https://registry.npmjs.org/picocolors/-/picocolors-1.1.1.tgz. Extracting by manifest.
108 silly tarball no local data for npm-check-updates@https://registry.npmjs.org/npm-check-updates/-/npm-check-updates-19.1.2.tgz. Extracting by manifest.
109 silly tarball no local data for nanoid@https://registry.npmjs.org/nanoid/-/nanoid-3.3.11.tgz. Extracting by manifest.
110 silly tarball no local data for lightningcss-linux-arm64-musl@https://registry.npmjs.org/lightningcss-linux-arm64-musl/-/lightningcss-linux-arm64-musl-1.30.2.tgz. Extracting by manifest.
111 silly tarball no local data for lightningcss-linux-arm64-gnu@https://registry.npmjs.org/lightningcss-linux-arm64-gnu/-/lightningcss-linux-arm64-gnu-1.30.2.tgz. Extracting by manifest.
112 silly tarball no local data for magic-string@https://registry.npmjs.org/magic-string/-/magic-string-0.30.21.tgz. Extracting by manifest.
113 silly tarball no local data for lightningcss@https://registry.npmjs.org/lightningcss/-/lightningcss-1.30.2.tgz. Extracting by manifest.
114 silly tarball no local data for postcss@https://registry.npmjs.org/postcss/-/postcss-8.5.6.tgz. Extracting by manifest.
115 silly tarball no local data for laravel-vite-plugin@https://registry.npmjs.org/laravel-vite-plugin/-/laravel-vite-plugin-2.0.1.tgz. Extracting by manifest.
116 silly tarball no local data for jiti@https://registry.npmjs.org/jiti/-/jiti-2.6.1.tgz. Extracting by manifest.
117 silly tarball no local data for has-flag@https://registry.npmjs.org/has-flag/-/has-flag-4.0.0.tgz. Extracting by manifest.
118 silly tarball no local data for is-fullwidth-code-point@https://registry.npmjs.org/is-fullwidth-code-point/-/is-fullwidth-code-point-3.0.0.tgz. Extracting by manifest.
119 silly tarball no local data for graceful-fs@https://registry.npmjs.org/graceful-fs/-/graceful-fs-4.2.11.tgz. Extracting by manifest.
120 silly tarball no local data for fdir@https://registry.npmjs.org/fdir/-/fdir-6.5.0.tgz. Extracting by manifest.
121 silly tarball no local data for get-caller-file@https://registry.npmjs.org/get-caller-file/-/get-caller-file-2.0.5.tgz. Extracting by manifest.
122 silly tarball no local data for escalade@https://registry.npmjs.org/escalade/-/escalade-3.2.0.tgz. Extracting by manifest.
123 silly tarball no local data for emoji-regex@https://registry.npmjs.org/emoji-regex/-/emoji-regex-8.0.0.tgz. Extracting by manifest.
124 silly tarball no local data for vite@https://registry.npmjs.org/vite/-/vite-7.2.2.tgz. Extracting by manifest.
125 silly tarball no local data for enhanced-resolve@https://registry.npmjs.org/enhanced-resolve/-/enhanced-resolve-5.18.3.tgz. Extracting by manifest.
126 silly tarball no local data for detect-libc@https://registry.npmjs.org/detect-libc/-/detect-libc-2.1.2.tgz. Extracting by manifest.
127 silly tarball no local data for color-name@https://registry.npmjs.org/color-name/-/color-name-1.1.4.tgz. Extracting by manifest.
128 silly tarball no local data for concurrently@https://registry.npmjs.org/concurrently/-/concurrently-9.2.1.tgz. Extracting by manifest.
129 silly tarball no local data for color-convert@https://registry.npmjs.org/color-convert/-/color-convert-2.0.1.tgz. Extracting by manifest.
130 silly tarball no local data for ansi-styles@https://registry.npmjs.org/ansi-styles/-/ansi-styles-4.3.0.tgz. Extracting by manifest.
131 silly tarball no local data for cliui@https://registry.npmjs.org/cliui/-/cliui-8.0.1.tgz. Extracting by manifest.
132 silly tarball no local data for tslib@https://registry.npmjs.org/tslib/-/tslib-2.8.1.tgz. Extracting by manifest.
133 silly tarball no local data for @types/estree@https://registry.npmjs.org/@types/estree/-/estree-1.0.8.tgz. Extracting by manifest.
134 silly tarball no local data for chalk@https://registry.npmjs.org/chalk/-/chalk-4.1.2.tgz. Extracting by manifest.
135 silly tarball no local data for ansi-regex@https://registry.npmjs.org/ansi-regex/-/ansi-regex-5.0.1.tgz. Extracting by manifest.
136 silly tarball no local data for @tailwindcss/vite@https://registry.npmjs.org/@tailwindcss/vite/-/vite-4.1.17.tgz. Extracting by manifest.
137 silly tarball no local data for tinyglobby@https://registry.npmjs.org/tinyglobby/-/tinyglobby-0.2.15.tgz. Extracting by manifest.
138 silly tarball no local data for @tailwindcss/oxide-linux-arm64-musl@https://registry.npmjs.org/@tailwindcss/oxide-linux-arm64-musl/-/oxide-linux-arm64-musl-4.1.17.tgz. Extracting by manifest.
139 silly tarball no local data for esbuild@https://registry.npmjs.org/esbuild/-/esbuild-0.25.12.tgz. Extracting by manifest.
140 silly tarball no local data for @tailwindcss/oxide-linux-arm64-gnu@https://registry.npmjs.org/@tailwindcss/oxide-linux-arm64-gnu/-/oxide-linux-arm64-gnu-4.1.17.tgz. Extracting by manifest.
141 silly tarball no local data for @rollup/rollup-linux-arm64-musl@https://registry.npmjs.org/@rollup/rollup-linux-arm64-musl/-/rollup-linux-arm64-musl-4.53.2.tgz. Extracting by manifest.
142 silly tarball no local data for @tailwindcss/oxide@https://registry.npmjs.org/@tailwindcss/oxide/-/oxide-4.1.17.tgz. Extracting by manifest.
143 silly tarball no local data for @jridgewell/trace-mapping@https://registry.npmjs.org/@jridgewell/trace-mapping/-/trace-mapping-0.3.31.tgz. Extracting by manifest.
144 silly tarball no local data for @rollup/rollup-linux-arm64-gnu@https://registry.npmjs.org/@rollup/rollup-linux-arm64-gnu/-/rollup-linux-arm64-gnu-4.53.2.tgz. Extracting by manifest.
145 silly tarball no local data for @tailwindcss/node@https://registry.npmjs.org/@tailwindcss/node/-/node-4.1.17.tgz. Extracting by manifest.
146 silly tarball no local data for @jridgewell/resolve-uri@https://registry.npmjs.org/@jridgewell/resolve-uri/-/resolve-uri-3.1.2.tgz. Extracting by manifest.
147 silly tarball no local data for @jridgewell/sourcemap-codec@https://registry.npmjs.org/@jridgewell/sourcemap-codec/-/sourcemap-codec-1.5.5.tgz. Extracting by manifest.
148 silly tarball no local data for @esbuild/linux-arm64@https://registry.npmjs.org/@esbuild/linux-arm64/-/linux-arm64-0.25.12.tgz. Extracting by manifest.
149 silly tarball no local data for @jridgewell/remapping@https://registry.npmjs.org/@jridgewell/remapping/-/remapping-2.3.5.tgz. Extracting by manifest.
150 silly tarball no local data for @jridgewell/gen-mapping@https://registry.npmjs.org/@jridgewell/gen-mapping/-/gen-mapping-0.3.13.tgz. Extracting by manifest.
151 silly tarball no local data for picomatch@https://registry.npmjs.org/picomatch/-/picomatch-2.3.1.tgz. Extracting by manifest.
152 silly tarball no local data for supports-color@https://registry.npmjs.org/supports-color/-/supports-color-7.2.0.tgz. Extracting by manifest.
153 http fetch GET 200 https://registry.npmjs.org/npm 247ms
154 http fetch GET 200 https://registry.npmjs.org/supports-color/-/supports-color-8.1.1.tgz 169ms (cache miss)
155 http fetch GET 200 https://registry.npmjs.org/wrap-ansi/-/wrap-ansi-7.0.0.tgz 171ms (cache miss)
156 http fetch GET 200 https://registry.npmjs.org/vite-plugin-full-reload/-/vite-plugin-full-reload-1.2.0.tgz 174ms (cache miss)
157 http fetch GET 200 https://registry.npmjs.org/tree-kill/-/tree-kill-1.2.2.tgz 176ms (cache miss)
158 http fetch GET 200 https://registry.npmjs.org/string-width/-/string-width-4.2.3.tgz 175ms (cache miss)
159 http fetch GET 200 https://registry.npmjs.org/strip-ansi/-/strip-ansi-6.0.1.tgz 186ms (cache miss)
160 http fetch GET 200 https://registry.npmjs.org/require-directory/-/require-directory-2.1.1.tgz 206ms (cache miss)
161 http fetch GET 200 https://registry.npmjs.org/source-map-js/-/source-map-js-1.2.1.tgz 226ms (cache miss)
162 http fetch GET 200 https://registry.npmjs.org/y18n/-/y18n-5.0.8.tgz 231ms (cache miss)
163 http fetch GET 200 https://registry.npmjs.org/yargs-parser/-/yargs-parser-21.1.1.tgz 243ms (cache miss)
164 http fetch GET 200 https://registry.npmjs.org/shell-quote/-/shell-quote-1.8.3.tgz 242ms (cache miss)
165 http fetch GET 200 https://registry.npmjs.org/tapable/-/tapable-2.3.0.tgz 254ms (cache miss)
166 http fetch GET 200 https://registry.npmjs.org/prettier-plugin-organize-imports/-/prettier-plugin-organize-imports-4.3.0.tgz 268ms (cache miss)
167 http fetch GET 200 https://registry.npmjs.org/picocolors/-/picocolors-1.1.1.tgz 277ms (cache miss)
168 http fetch GET 200 https://registry.npmjs.org/picomatch/-/picomatch-4.0.3.tgz 297ms (cache miss)
169 http fetch GET 200 https://registry.npmjs.org/nanoid/-/nanoid-3.3.11.tgz 322ms (cache miss)
170 http fetch GET 200 https://registry.npmjs.org/tailwindcss/-/tailwindcss-4.1.17.tgz 340ms (cache miss)
171 http fetch POST 200 https://registry.npmjs.org/-/npm/v1/security/advisories/bulk 445ms
172 silly audit report {}
173 http fetch GET 200 https://registry.npmjs.org/yargs/-/yargs-17.7.2.tgz 410ms (cache miss)
174 http fetch GET 200 https://registry.npmjs.org/magic-string/-/magic-string-0.30.21.tgz 405ms (cache miss)
175 http fetch GET 200 https://registry.npmjs.org/laravel-vite-plugin/-/laravel-vite-plugin-2.0.1.tgz 415ms (cache miss)
176 http fetch GET 200 https://registry.npmjs.org/rollup/-/rollup-4.53.2.tgz 440ms (cache miss)
177 http fetch GET 200 https://registry.npmjs.org/postcss/-/postcss-8.5.6.tgz 447ms (cache miss)
178 http fetch GET 200 https://registry.npmjs.org/lightningcss/-/lightningcss-1.30.2.tgz 459ms (cache miss)
179 http fetch GET 200 https://registry.npmjs.org/is-fullwidth-code-point/-/is-fullwidth-code-point-3.0.0.tgz 513ms (cache miss)
180 http fetch GET 200 https://registry.npmjs.org/has-flag/-/has-flag-4.0.0.tgz 514ms (cache miss)
181 http fetch GET 200 https://registry.npmjs.org/prettier-plugin-tailwindcss/-/prettier-plugin-tailwindcss-0.6.14.tgz 551ms (cache miss)
182 http fetch GET 200 https://registry.npmjs.org/graceful-fs/-/graceful-fs-4.2.11.tgz 577ms (cache miss)
183 http fetch GET 200 https://registry.npmjs.org/fdir/-/fdir-6.5.0.tgz 579ms (cache miss)
184 http fetch GET 200 https://registry.npmjs.org/npm-check-updates/-/npm-check-updates-19.1.2.tgz 587ms (cache miss)
185 http fetch GET 200 https://registry.npmjs.org/jiti/-/jiti-2.6.1.tgz 606ms (cache miss)
186 http fetch GET 200 https://registry.npmjs.org/emoji-regex/-/emoji-regex-8.0.0.tgz 616ms (cache miss)
187 http fetch GET 200 https://registry.npmjs.org/escalade/-/escalade-3.2.0.tgz 633ms (cache miss)
188 http fetch GET 200 https://registry.npmjs.org/color-name/-/color-name-1.1.4.tgz 687ms (cache miss)
189 http fetch GET 200 https://registry.npmjs.org/detect-libc/-/detect-libc-2.1.2.tgz 692ms (cache miss)
190 http fetch GET 200 https://registry.npmjs.org/color-convert/-/color-convert-2.0.1.tgz 747ms (cache miss)
191 http fetch GET 200 https://registry.npmjs.org/ansi-styles/-/ansi-styles-4.3.0.tgz 752ms (cache miss)
192 http fetch GET 200 https://registry.npmjs.org/enhanced-resolve/-/enhanced-resolve-5.18.3.tgz 778ms (cache miss)
193 http fetch GET 200 https://registry.npmjs.org/get-caller-file/-/get-caller-file-2.0.5.tgz 795ms (cache miss)
194 http fetch GET 200 https://registry.npmjs.org/cliui/-/cliui-8.0.1.tgz 796ms (cache miss)
195 http fetch GET 200 https://registry.npmjs.org/prettier/-/prettier-3.6.2.tgz 819ms (cache miss)
196 http fetch GET 200 https://registry.npmjs.org/vite/-/vite-7.2.2.tgz 847ms (cache miss)
197 http fetch GET 200 https://registry.npmjs.org/tslib/-/tslib-2.8.1.tgz 848ms (cache miss)
198 http fetch GET 200 https://registry.npmjs.org/chalk/-/chalk-4.1.2.tgz 854ms (cache miss)
199 http fetch GET 200 https://registry.npmjs.org/ansi-regex/-/ansi-regex-5.0.1.tgz 864ms (cache miss)
200 http fetch GET 200 https://registry.npmjs.org/@types/estree/-/estree-1.0.8.tgz 864ms (cache miss)
201 http fetch GET 200 https://registry.npmjs.org/tinyglobby/-/tinyglobby-0.2.15.tgz 879ms (cache miss)
202 http fetch GET 200 https://registry.npmjs.org/@tailwindcss/vite/-/vite-4.1.17.tgz 919ms (cache miss)
203 http fetch GET 200 https://registry.npmjs.org/@tailwindcss/oxide/-/oxide-4.1.17.tgz 926ms (cache miss)
204 http fetch GET 200 https://registry.npmjs.org/esbuild/-/esbuild-0.25.12.tgz 937ms (cache miss)
205 http fetch GET 200 https://registry.npmjs.org/concurrently/-/concurrently-9.2.1.tgz 941ms (cache miss)
206 http fetch GET 200 https://registry.npmjs.org/@jridgewell/resolve-uri/-/resolve-uri-3.1.2.tgz 994ms (cache miss)
207 http fetch GET 200 https://registry.npmjs.org/@rollup/rollup-linux-arm64-musl/-/rollup-linux-arm64-musl-4.53.2.tgz 1029ms (cache miss)
208 http fetch GET 200 https://registry.npmjs.org/@tailwindcss/node/-/node-4.1.17.tgz 1061ms (cache miss)
209 http fetch GET 200 https://registry.npmjs.org/@jridgewell/trace-mapping/-/trace-mapping-0.3.31.tgz 1073ms (cache miss)
210 http fetch GET 200 https://registry.npmjs.org/picomatch/-/picomatch-2.3.1.tgz 1077ms (cache miss)
211 http fetch GET 200 https://registry.npmjs.org/@jridgewell/sourcemap-codec/-/sourcemap-codec-1.5.5.tgz 1087ms (cache miss)
212 http fetch GET 200 https://registry.npmjs.org/@rollup/rollup-linux-arm64-gnu/-/rollup-linux-arm64-gnu-4.53.2.tgz 1109ms (cache miss)
213 http fetch GET 200 https://registry.npmjs.org/supports-color/-/supports-color-7.2.0.tgz 1103ms (cache miss)
214 http fetch GET 200 https://registry.npmjs.org/lightningcss-linux-arm64-gnu/-/lightningcss-linux-arm64-gnu-1.30.2.tgz 1132ms (cache miss)
215 http fetch GET 200 https://registry.npmjs.org/lightningcss-linux-arm64-musl/-/lightningcss-linux-arm64-musl-1.30.2.tgz 1142ms (cache miss)
216 http fetch GET 200 https://registry.npmjs.org/@jridgewell/gen-mapping/-/gen-mapping-0.3.13.tgz 1142ms (cache miss)
217 http fetch GET 200 https://registry.npmjs.org/@jridgewell/remapping/-/remapping-2.3.5.tgz 1157ms (cache miss)
218 http fetch GET 200 https://registry.npmjs.org/@tailwindcss/oxide-linux-arm64-musl/-/oxide-linux-arm64-musl-4.1.17.tgz 1176ms (cache miss)
219 http fetch GET 200 https://registry.npmjs.org/playwright/-/playwright-1.56.1.tgz 1265ms (cache miss)
220 http fetch GET 200 https://registry.npmjs.org/typescript/-/typescript-5.9.3.tgz 1280ms (cache miss)
221 http fetch GET 200 https://registry.npmjs.org/@tailwindcss/oxide-linux-arm64-gnu/-/oxide-linux-arm64-gnu-4.1.17.tgz 1305ms (cache miss)
222 http fetch GET 200 https://registry.npmjs.org/@esbuild/linux-arm64/-/linux-arm64-0.25.12.tgz 1322ms (cache miss)
223 http fetch GET 200 https://registry.npmjs.org/playwright-core/-/playwright-core-1.56.1.tgz 1380ms (cache miss)
224 http fetch GET 200 https://registry.npmjs.org/rxjs/-/rxjs-7.8.2.tgz 2327ms (cache miss)
225 info run esbuild@0.25.12 postinstall node_modules/esbuild node install.js
226 info run esbuild@0.25.12 postinstall { code: 0, signal: null }
227 silly ADD node_modules/yargs-parser
228 silly ADD node_modules/yargs
229 silly ADD node_modules/y18n
230 silly ADD node_modules/wrap-ansi
231 silly ADD node_modules/vite-plugin-full-reload
232 silly ADD node_modules/vite-plugin-full-reload/node_modules/picomatch
233 silly ADD node_modules/vite
234 silly ADD node_modules/typescript
235 silly ADD node_modules/tslib
236 silly ADD node_modules/tree-kill
237 silly ADD node_modules/tinyglobby
238 silly ADD node_modules/tapable
239 silly ADD node_modules/tailwindcss
240 silly ADD node_modules/supports-color
241 silly ADD node_modules/strip-ansi
242 silly ADD node_modules/string-width
243 silly ADD node_modules/source-map-js
244 silly ADD node_modules/shell-quote
245 silly ADD node_modules/rxjs
246 silly ADD node_modules/rollup
247 silly ADD node_modules/require-directory
248 silly ADD node_modules/prettier-plugin-tailwindcss
249 silly ADD node_modules/prettier-plugin-organize-imports
250 silly ADD node_modules/prettier
251 silly ADD node_modules/postcss
252 silly ADD node_modules/playwright-core
253 silly ADD node_modules/playwright
254 silly ADD node_modules/picomatch
255 silly ADD node_modules/picocolors
256 silly ADD node_modules/npm-check-updates
257 silly ADD node_modules/nanoid
258 silly ADD node_modules/magic-string
259 silly ADD node_modules/lightningcss-linux-arm64-musl
260 silly ADD node_modules/lightningcss-linux-arm64-gnu
261 silly ADD node_modules/lightningcss
262 silly ADD node_modules/laravel-vite-plugin
263 silly ADD node_modules/jiti
264 silly ADD node_modules/is-fullwidth-code-point
265 silly ADD node_modules/has-flag
266 silly ADD node_modules/graceful-fs
267 silly ADD node_modules/get-caller-file
268 silly ADD node_modules/fdir
269 silly ADD node_modules/escalade
270 silly ADD node_modules/esbuild
271 silly ADD node_modules/enhanced-resolve
272 silly ADD node_modules/emoji-regex
273 silly ADD node_modules/detect-libc
274 silly ADD node_modules/concurrently
275 silly ADD node_modules/color-name
276 silly ADD node_modules/color-convert
277 silly ADD node_modules/cliui
278 silly ADD node_modules/chalk
279 silly ADD node_modules/chalk/node_modules/supports-color
280 silly ADD node_modules/ansi-styles
281 silly ADD node_modules/ansi-regex
282 silly ADD node_modules/@types/estree
283 silly ADD node_modules/@tailwindcss/vite
284 silly ADD node_modules/@tailwindcss/oxide-linux-arm64-musl
285 silly ADD node_modules/@tailwindcss/oxide-linux-arm64-gnu
286 silly ADD node_modules/@tailwindcss/oxide
287 silly ADD node_modules/@tailwindcss/node
288 silly ADD node_modules/@rollup/rollup-linux-arm64-musl
289 silly ADD node_modules/@rollup/rollup-linux-arm64-gnu
290 silly ADD node_modules/@jridgewell/trace-mapping
291 silly ADD node_modules/@jridgewell/sourcemap-codec
292 silly ADD node_modules/@jridgewell/resolve-uri
293 silly ADD node_modules/@jridgewell/remapping
294 silly ADD node_modules/@jridgewell/gen-mapping
295 silly ADD node_modules/@esbuild/linux-arm64
296 verbose cwd /var/www
297 verbose os Linux 6.11.11-linuxkit
298 verbose node v24.11.1
299 verbose npm  v11.6.2
300 verbose exit 0
301 info ok
